<?xml version="1.0" encoding="utf-8"?><testsuites name="pytest tests"><testsuite name="pytest" errors="0" failures="3" skipped="0" tests="30" time="50.120" timestamp="2026-02-09T22:33:20.752124+00:00" hostname="agent-env-bd2c3a90-d999-4d1a-a41e-58ced1ce126d"><testcase classname="tests.test_exhaustive_full_flow.TestModule01Dashboard" name="test_dashboard_kpis_returns_zeros" time="7.378" /><testcase classname="tests.test_exhaustive_full_flow.TestModule02Empleados" name="test_get_empleados" time="0.612" /><testcase classname="tests.test_exhaustive_full_flow.TestModule02Empleados" name="test_update_empleado_detalle_with_centro_costo_linea_negocio" time="1.223"><failure message="AssertionError: Expected 200, got 422: {&quot;detail&quot;:[{&quot;type&quot;:&quot;missing&quot;,&quot;loc&quot;:[&quot;body&quot;,&quot;tercero_id&quot;],&quot;msg&quot;:&quot;Field required&quot;,&quot;input&quot;:{&quot;cargo&quot;:&quot;Asistente TEST&quot;,&quot;salario_base&quot;:2500.0,&quot;centro_costo_id&quot;:1,&quot;linea_negocio_id&quot;:2,&quot;fecha_ingreso&quot;:&quot;2024-01-01&quot;,&quot;activo&quot;:true},&quot;url&quot;:&quot;https://errors.pydantic.dev/2.12/v/missing&quot;}]}&#10;assert 422 == 200&#10; +  where 422 = &lt;Response [422]&gt;.status_code">tests/test_exhaustive_full_flow.py:101: in test_update_empleado_detalle_with_centro_costo_linea_negocio
    assert response.status_code == 200, f"Expected 200, got {response.status_code}: {response.text}"
E   AssertionError: Expected 200, got 422: {"detail":[{"type":"missing","loc":["body","tercero_id"],"msg":"Field required","input":{"cargo":"Asistente TEST","salario_base":2500.0,"centro_costo_id":1,"linea_negocio_id":2,"fecha_ingreso":"2024-01-01","activo":true},"url":"https://errors.pydantic.dev/2.12/v/missing"}]}
E   assert 422 == 200
E    +  where 422 = &lt;Response [422]&gt;.status_code</failure></testcase><testcase classname="tests.test_exhaustive_full_flow.TestModule03Proveedores" name="test_create_proveedor" time="0.593" /><testcase classname="tests.test_exhaustive_full_flow.TestModule03Proveedores" name="test_get_proveedores" time="0.587" /><testcase classname="tests.test_exhaustive_full_flow.TestModule04Categorias" name="test_get_categorias" time="1.423" /><testcase classname="tests.test_exhaustive_full_flow.TestModule05CentrosCosto" name="test_update_centro_costo" time="1.037" /><testcase classname="tests.test_exhaustive_full_flow.TestModule06LineasNegocio" name="test_update_linea_negocio" time="1.051" /><testcase classname="tests.test_exhaustive_full_flow.TestModule07CuentasBancarias" name="test_get_cuentas_financieras" time="0.586" /><testcase classname="tests.test_exhaustive_full_flow.TestModule08OrdenesCompra" name="test_create_orden_compra" time="2.516" /><testcase classname="tests.test_exhaustive_full_flow.TestModule09FacturaProveedor" name="test_create_factura_proveedor" time="2.526" /><testcase classname="tests.test_exhaustive_full_flow.TestModule09FacturaProveedor" name="test_verify_cxp_created" time="0.609" /><testcase classname="tests.test_exhaustive_full_flow.TestModule10Gastos" name="test_create_gasto_with_payment" time="1.131"><failure message="AssertionError: Expected 200, got 520: Internal Server Error&#10;assert 520 == 200&#10; +  where 520 = &lt;Response [520]&gt;.status_code">tests/test_exhaustive_full_flow.py:389: in test_create_gasto_with_payment
    assert response.status_code == 200, f"Expected 200, got {response.status_code}: {response.text}"
E   AssertionError: Expected 200, got 520: Internal Server Error
E   assert 520 == 200
E    +  where 520 = &lt;Response [520]&gt;.status_code</failure></testcase><testcase classname="tests.test_exhaustive_full_flow.TestModule10Gastos" name="test_verify_account_balance_decreased" time="0.443" /><testcase classname="tests.test_exhaustive_full_flow.TestModule11PagarFacturas" name="test_pagar_factura" time="5.358" /><testcase classname="tests.test_exhaustive_full_flow.TestModule11PagarFacturas" name="test_verify_cxp_paid" time="0.473" /><testcase classname="tests.test_exhaustive_full_flow.TestModule12Letras" name="test_create_factura_for_letras" time="1.406" /><testcase classname="tests.test_exhaustive_full_flow.TestModule12Letras" name="test_generar_letras" time="2.656" /><testcase classname="tests.test_exhaustive_full_flow.TestModule12Letras" name="test_get_letras" time="0.602" /><testcase classname="tests.test_exhaustive_full_flow.TestModule13Adelantos" name="test_create_adelanto_with_payment" time="2.668" /><testcase classname="tests.test_exhaustive_full_flow.TestModule14Planilla" name="test_create_planilla" time="1.272" /><testcase classname="tests.test_exhaustive_full_flow.TestModule14Planilla" name="test_pagar_planilla" time="3.804"><failure message="AssertionError: assert 'borrador' == 'pagada'&#10;  &#10;  - pagada&#10;  + borrador">tests/test_exhaustive_full_flow.py:613: in test_pagar_planilla
    assert data["estado"] == "pagada"
E   AssertionError: assert 'borrador' == 'pagada'
E     
E     - pagada
E     + borrador</failure></testcase><testcase classname="tests.test_exhaustive_full_flow.TestModule15BalanceGeneral" name="test_balance_general" time="1.153" /><testcase classname="tests.test_exhaustive_full_flow.TestModule16EstadoResultados" name="test_estado_resultados" time="0.860" /><testcase classname="tests.test_exhaustive_full_flow.TestModule17FlujoCaja" name="test_flujo_caja" time="0.591" /><testcase classname="tests.test_exhaustive_full_flow.TestModule18ReportePagos" name="test_pagos_with_filters" time="0.583" /><testcase classname="tests.test_exhaustive_full_flow.TestModule18ReportePagos" name="test_pagos_without_filters" time="1.411" /><testcase classname="tests.test_exhaustive_full_flow.TestModule19RecalcularSaldo" name="test_recalcular_saldos" time="2.696" /><testcase classname="tests.test_exhaustive_full_flow.TestModule20Correlativos" name="test_correlativo_oc_sequential" time="1.282" /><testcase classname="tests.test_exhaustive_full_flow.TestDashboardFinal" name="test_dashboard_final_state" time="1.411" /></testsuite></testsuites>