<?xml version="1.0" encoding="utf-8"?><testsuites name="pytest tests"><testsuite name="pytest" errors="0" failures="0" skipped="0" tests="8" time="21.458" timestamp="2026-02-10T18:41:27.074142+00:00" hostname="agent-env-72f186a2-28c2-4377-9119-b3cbaa9083b0"><testcase classname="backend.tests.test_sunat_auto_calc.TestFacturasProveedorSUNATCalculation" name="test_factura_impuestos_no_incluidos_mixed_igv" time="8.525" /><testcase classname="backend.tests.test_sunat_auto_calc.TestFacturasProveedorSUNATCalculation" name="test_factura_impuestos_incluidos_single_igv_line" time="1.297" /><testcase classname="backend.tests.test_sunat_auto_calc.TestFacturasProveedorSUNATCalculation" name="test_factura_all_no_gravada" time="1.414" /><testcase classname="backend.tests.test_sunat_auto_calc.TestFacturasProveedorSUNATCalculation" name="test_server_ignores_client_sunat_values" time="1.279" /><testcase classname="backend.tests.test_sunat_auto_calc.TestGastosSUNATCalculation" name="test_gasto_mixed_igv_lines" time="3.610" /><testcase classname="backend.tests.test_sunat_auto_calc.TestGastosSUNATCalculation" name="test_gasto_all_gravado" time="2.146" /><testcase classname="backend.tests.test_sunat_auto_calc.TestGastosSUNATCalculation" name="test_gasto_server_recalculates" time="2.122" /><testcase classname="backend.tests.test_sunat_auto_calc.TestExportCompraAPP" name="test_export_with_auto_calculated_values" time="1.006" /></testsuite></testsuites>