<?xml version="1.0" encoding="utf-8"?><testsuites name="pytest tests"><testsuite name="pytest" errors="0" failures="0" skipped="0" tests="12" time="51.941" timestamp="2026-02-10T19:54:21.056849+00:00" hostname="agent-env-72f186a2-28c2-4377-9119-b3cbaa9083b0"><testcase classname="backend.tests.test_cuentas_contables.TestCuentasContablesCRUD" name="test_list_cuentas_contables" time="8.207" /><testcase classname="backend.tests.test_cuentas_contables.TestCuentasContablesCRUD" name="test_create_cuenta_contable" time="0.922" /><testcase classname="backend.tests.test_cuentas_contables.TestCuentasContablesCRUD" name="test_update_cuenta_contable" time="1.075" /><testcase classname="backend.tests.test_cuentas_contables.TestCuentasContablesCRUD" name="test_delete_cuenta_contable" time="1.021" /><testcase classname="backend.tests.test_cuentas_contables.TestCuentasContablesCRUD" name="test_duplicate_codigo_fails" time="1.632" /><testcase classname="backend.tests.test_cuentas_contables.TestConfigContable" name="test_get_config_contable" time="0.447" /><testcase classname="backend.tests.test_cuentas_contables.TestConfigContable" name="test_update_config_contable" time="1.080" /><testcase classname="backend.tests.test_cuentas_contables.TestCategoriaCuentaGasto" name="test_update_categoria_with_cuenta_gasto_id" time="2.845" /><testcase classname="backend.tests.test_cuentas_contables.TestCategoriaCuentaGasto" name="test_create_categoria_with_cuenta_gasto_id" time="1.509" /><testcase classname="backend.tests.test_cuentas_contables.TestExportCompraAPP" name="test_export_has_15_columns" time="2.843" /><testcase classname="backend.tests.test_cuentas_contables.TestExportCompraAPP" name="test_export_account_columns_populated" time="2.053" /><testcase classname="backend.tests.test_cuentas_contables.TestExistingCuentas" name="test_existing_cuentas_ids" time="28.244" /></testsuite></testsuites>