<?xml version="1.0" encoding="utf-8"?><testsuites name="pytest tests"><testsuite name="pytest" errors="0" failures="0" skipped="0" tests="10" time="18.028" timestamp="2026-02-05T21:59:16.911486+00:00" hostname="agent-env-ef0e363d-53ce-41a5-9ae1-5f67de4737b8"><testcase classname="backend.tests.test_fixes_iter3.TestHealthCheck" name="test_api_health" time="3.600" /><testcase classname="backend.tests.test_fixes_iter3.TestOrdenesCompraIGV" name="test_oc_igv_incluido_true" time="4.847" /><testcase classname="backend.tests.test_fixes_iter3.TestOrdenesCompraIGV" name="test_oc_igv_incluido_false" time="2.745" /><testcase classname="backend.tests.test_fixes_iter3.TestAdelantosEmpresaFilter" name="test_adelantos_without_empresa_id" time="0.611" /><testcase classname="backend.tests.test_fixes_iter3.TestAdelantosEmpresaFilter" name="test_adelantos_with_empresa_id_1" time="0.572" /><testcase classname="backend.tests.test_fixes_iter3.TestAdelantosEmpresaFilter" name="test_adelantos_with_empresa_id_999" time="0.471" /><testcase classname="backend.tests.test_fixes_iter3.TestPlanillasEmpresaFilter" name="test_planillas_without_empresa_id" time="0.995" /><testcase classname="backend.tests.test_fixes_iter3.TestPlanillasEmpresaFilter" name="test_planillas_with_empresa_id_1" time="0.893" /><testcase classname="backend.tests.test_fixes_iter3.TestPlanillasEmpresaFilter" name="test_planillas_with_empresa_id_999" time="0.429" /><testcase classname="backend.tests.test_fixes_iter3.TestOrdenesCompraPage" name="test_get_ordenes_compra_list" time="2.675" /></testsuite></testsuites>