<?xml version="1.0" encoding="utf-8"?><testsuites name="pytest tests"><testsuite name="pytest" errors="0" failures="4" skipped="0" tests="8" time="11.798" timestamp="2026-02-10T18:40:32.141897+00:00" hostname="agent-env-72f186a2-28c2-4377-9119-b3cbaa9083b0"><testcase classname="backend.tests.test_sunat_auto_calc.TestFacturasProveedorSUNATCalculation" name="test_factura_impuestos_no_incluidos_mixed_igv" time="0.884"><failure message="AssertionError: Expected 200, got 520: Internal Server Error&#10;assert 520 == 200&#10; +  where 520 = &lt;Response [520]&gt;.status_code">backend/tests/test_sunat_auto_calc.py:41: in test_factura_impuestos_no_incluidos_mixed_igv
    assert response.status_code == 200, f"Expected 200, got {response.status_code}: {response.text}"
E   AssertionError: Expected 200, got 520: Internal Server Error
E   assert 520 == 200
E    +  where 520 = &lt;Response [520]&gt;.status_code</failure></testcase><testcase classname="backend.tests.test_sunat_auto_calc.TestFacturasProveedorSUNATCalculation" name="test_factura_impuestos_incluidos_single_igv_line" time="0.721"><failure message="AssertionError: Expected 200, got 520: Internal Server Error&#10;assert 520 == 200&#10; +  where 520 = &lt;Response [520]&gt;.status_code">backend/tests/test_sunat_auto_calc.py:76: in test_factura_impuestos_incluidos_single_igv_line
    assert response.status_code == 200, f"Expected 200, got {response.status_code}: {response.text}"
E   AssertionError: Expected 200, got 520: Internal Server Error
E   assert 520 == 200
E    +  where 520 = &lt;Response [520]&gt;.status_code</failure></testcase><testcase classname="backend.tests.test_sunat_auto_calc.TestFacturasProveedorSUNATCalculation" name="test_factura_all_no_gravada" time="0.740"><failure message="AssertionError: Expected 200, got 520: Internal Server Error&#10;assert 520 == 200&#10; +  where 520 = &lt;Response [520]&gt;.status_code">backend/tests/test_sunat_auto_calc.py:109: in test_factura_all_no_gravada
    assert response.status_code == 200, f"Expected 200, got {response.status_code}: {response.text}"
E   AssertionError: Expected 200, got 520: Internal Server Error
E   assert 520 == 200
E    +  where 520 = &lt;Response [520]&gt;.status_code</failure></testcase><testcase classname="backend.tests.test_sunat_auto_calc.TestFacturasProveedorSUNATCalculation" name="test_server_ignores_client_sunat_values" time="0.737"><failure message="AssertionError: Expected 200, got 520: Internal Server Error&#10;assert 520 == 200&#10; +  where 520 = &lt;Response [520]&gt;.status_code">backend/tests/test_sunat_auto_calc.py:143: in test_server_ignores_client_sunat_values
    assert response.status_code == 200, f"Expected 200, got {response.status_code}: {response.text}"
E   AssertionError: Expected 200, got 520: Internal Server Error
E   assert 520 == 200
E    +  where 520 = &lt;Response [520]&gt;.status_code</failure></testcase><testcase classname="backend.tests.test_sunat_auto_calc.TestGastosSUNATCalculation" name="test_gasto_mixed_igv_lines" time="3.523" /><testcase classname="backend.tests.test_sunat_auto_calc.TestGastosSUNATCalculation" name="test_gasto_all_gravado" time="2.115" /><testcase classname="backend.tests.test_sunat_auto_calc.TestGastosSUNATCalculation" name="test_gasto_server_recalculates" time="2.102" /><testcase classname="backend.tests.test_sunat_auto_calc.TestExportCompraAPP" name="test_export_with_auto_calculated_values" time="0.904" /></testsuite></testsuites>