<?xml version="1.0" encoding="utf-8"?><testsuites name="pytest tests"><testsuite name="pytest" errors="0" failures="0" skipped="0" tests="12" time="48.918" timestamp="2026-02-10T18:22:43.800410+00:00" hostname="agent-env-72f186a2-28c2-4377-9119-b3cbaa9083b0"><testcase classname="backend.tests.test_compraapp_sunat.TestFacturaProveedorSUNATFields" name="test_create_factura_with_sunat_fields" time="4.362" /><testcase classname="backend.tests.test_compraapp_sunat.TestFacturaProveedorSUNATFields" name="test_get_factura_returns_sunat_fields" time="3.121" /><testcase classname="backend.tests.test_compraapp_sunat.TestFacturaProveedorSUNATFields" name="test_list_facturas_returns_sunat_fields" time="5.105" /><testcase classname="backend.tests.test_compraapp_sunat.TestGastoSUNATFields" name="test_create_gasto_with_sunat_fields" time="5.241" /><testcase classname="backend.tests.test_compraapp_sunat.TestGastoSUNATFields" name="test_get_gasto_returns_sunat_fields" time="4.754" /><testcase classname="backend.tests.test_compraapp_sunat.TestExportCompraAPP" name="test_export_returns_excel_file" time="5.605" /><testcase classname="backend.tests.test_compraapp_sunat.TestExportCompraAPP" name="test_export_with_date_filters" time="3.527" /><testcase classname="backend.tests.test_compraapp_sunat.TestExportCompraAPP" name="test_export_without_sunat_fields_returns_error" time="5.187" /><testcase classname="backend.tests.test_compraapp_sunat.TestIGVAutoCalculation" name="test_igv_calculation_from_base_gravada" time="0.000" /><testcase classname="backend.tests.test_compraapp_sunat.TestHealthAndPrerequisites" name="test_health_endpoint" time="0.445" /><testcase classname="backend.tests.test_compraapp_sunat.TestHealthAndPrerequisites" name="test_proveedores_available" time="0.446" /><testcase classname="backend.tests.test_compraapp_sunat.TestHealthAndPrerequisites" name="test_cuentas_financieras_available" time="0.446" /></testsuite></testsuites>