<?xml version="1.0" encoding="utf-8"?><testsuites name="pytest tests"><testsuite name="pytest" errors="0" failures="3" skipped="0" tests="12" time="38.756" timestamp="2026-02-10T18:20:41.706192+00:00" hostname="agent-env-72f186a2-28c2-4377-9119-b3cbaa9083b0"><testcase classname="backend.tests.test_compraapp_sunat.TestFacturaProveedorSUNATFields" name="test_create_factura_with_sunat_fields" time="4.056" /><testcase classname="backend.tests.test_compraapp_sunat.TestFacturaProveedorSUNATFields" name="test_get_factura_returns_sunat_fields" time="1.618"><failure message="AssertionError: Create factura failed: Internal Server Error&#10;assert 520 == 200&#10; +  where 520 = &lt;Response [520]&gt;.status_code">backend/tests/test_compraapp_sunat.py:129: in test_get_factura_returns_sunat_fields
    factura = self.test_create_factura_with_sunat_fields()
              ^^^^^^^^^^^^^^^^^^^^^^^^^^^^^^^^^^^^^^^^^^^^
backend/tests/test_compraapp_sunat.py:107: in test_create_factura_with_sunat_fields
    assert response.status_code == 200, f"Create factura failed: {response.text}"
E   AssertionError: Create factura failed: Internal Server Error
E   assert 520 == 200
E    +  where 520 = &lt;Response [520]&gt;.status_code</failure></testcase><testcase classname="backend.tests.test_compraapp_sunat.TestFacturaProveedorSUNATFields" name="test_list_facturas_returns_sunat_fields" time="1.667"><failure message="AssertionError: Create factura failed: Internal Server Error&#10;assert 520 == 200&#10; +  where 520 = &lt;Response [520]&gt;.status_code">backend/tests/test_compraapp_sunat.py:147: in test_list_facturas_returns_sunat_fields
    self.test_create_factura_with_sunat_fields()
backend/tests/test_compraapp_sunat.py:107: in test_create_factura_with_sunat_fields
    assert response.status_code == 200, f"Create factura failed: {response.text}"
E   AssertionError: Create factura failed: Internal Server Error
E   assert 520 == 200
E    +  where 520 = &lt;Response [520]&gt;.status_code</failure></testcase><testcase classname="backend.tests.test_compraapp_sunat.TestGastoSUNATFields" name="test_create_gasto_with_sunat_fields" time="5.005" /><testcase classname="backend.tests.test_compraapp_sunat.TestGastoSUNATFields" name="test_get_gasto_returns_sunat_fields" time="4.388" /><testcase classname="backend.tests.test_compraapp_sunat.TestExportCompraAPP" name="test_export_returns_excel_file" time="5.763" /><testcase classname="backend.tests.test_compraapp_sunat.TestExportCompraAPP" name="test_export_with_date_filters" time="2.080"><failure message="AssertionError: Create factura failed: Internal Server Error&#10;assert 520 == 200&#10; +  where 520 = &lt;Response [520]&gt;.status_code">backend/tests/test_compraapp_sunat.py:412: in test_export_with_date_filters
    self._create_factura_with_sunat()
backend/tests/test_compraapp_sunat.py:344: in _create_factura_with_sunat
    assert response.status_code == 200, f"Create factura failed: {response.text}"
E   AssertionError: Create factura failed: Internal Server Error
E   assert 520 == 200
E    +  where 520 = &lt;Response [520]&gt;.status_code</failure></testcase><testcase classname="backend.tests.test_compraapp_sunat.TestExportCompraAPP" name="test_export_without_sunat_fields_returns_error" time="5.168" /><testcase classname="backend.tests.test_compraapp_sunat.TestIGVAutoCalculation" name="test_igv_calculation_from_base_gravada" time="0.000" /><testcase classname="backend.tests.test_compraapp_sunat.TestHealthAndPrerequisites" name="test_health_endpoint" time="0.468" /><testcase classname="backend.tests.test_compraapp_sunat.TestHealthAndPrerequisites" name="test_proveedores_available" time="0.449" /><testcase classname="backend.tests.test_compraapp_sunat.TestHealthAndPrerequisites" name="test_cuentas_financieras_available" time="0.452" /></testsuite></testsuites>