<?xml version="1.0" encoding="utf-8"?><testsuites name="pytest tests"><testsuite name="pytest" errors="0" failures="0" skipped="1" tests="29" time="23.785" timestamp="2026-02-09T19:19:24.118576+00:00" hostname="agent-env-f6a8361e-1c3b-4e8b-85b4-96c9267d6ba3"><testcase classname="tests.test_multitenancy.TestHealthAndGlobalEndpoints" name="test_health_endpoint" time="4.328" /><testcase classname="tests.test_multitenancy.TestHealthAndGlobalEndpoints" name="test_empresas_no_empresa_id_required" time="0.589" /><testcase classname="tests.test_multitenancy.TestHealthAndGlobalEndpoints" name="test_monedas_no_empresa_id_required" time="0.586" /><testcase classname="tests.test_multitenancy.TestEndpointsRequireEmpresaId" name="test_endpoint_rejects_without_empresa_id[/api/categorias]" time="0.056" /><testcase classname="tests.test_multitenancy.TestEndpointsRequireEmpresaId" name="test_endpoint_rejects_without_empresa_id[/api/ordenes-compra]" time="0.073" /><testcase classname="tests.test_multitenancy.TestEndpointsRequireEmpresaId" name="test_endpoint_rejects_without_empresa_id[/api/facturas-proveedor]" time="0.035" /><testcase classname="tests.test_multitenancy.TestEndpointsRequireEmpresaId" name="test_endpoint_rejects_without_empresa_id[/api/gastos]" time="0.038" /><testcase classname="tests.test_multitenancy.TestEndpointsRequireEmpresaId" name="test_endpoint_rejects_without_empresa_id[/api/pagos]" time="0.035" /><testcase classname="tests.test_multitenancy.TestEndpointsRequireEmpresaId" name="test_endpoint_rejects_without_empresa_id[/api/letras]" time="0.032" /><testcase classname="tests.test_multitenancy.TestEndpointsRequireEmpresaId" name="test_endpoint_rejects_without_empresa_id[/api/ventas-pos]" time="0.035" /><testcase classname="tests.test_multitenancy.TestEndpointsRequireEmpresaId" name="test_endpoint_rejects_without_empresa_id[/api/dashboard/kpis]" time="0.036" /><testcase classname="tests.test_multitenancy.TestEndpointsRequireEmpresaId" name="test_endpoint_rejects_without_empresa_id[/api/terceros]" time="0.037" /><testcase classname="tests.test_multitenancy.TestEndpointsRequireEmpresaId" name="test_endpoint_rejects_without_empresa_id[/api/proveedores]" time="0.037" /><testcase classname="tests.test_multitenancy.TestEndpointsRequireEmpresaId" name="test_endpoint_rejects_without_empresa_id[/api/cuentas-financieras]" time="0.032" /><testcase classname="tests.test_multitenancy.TestEndpointsRequireEmpresaId" name="test_endpoint_rejects_without_empresa_id[/api/centros-costo]" time="0.034" /><testcase classname="tests.test_multitenancy.TestEndpointsRequireEmpresaId" name="test_endpoint_rejects_without_empresa_id[/api/lineas-negocio]" time="0.033" /><testcase classname="tests.test_multitenancy.TestDataIsolationByEmpresa" name="test_categorias_empresa_3_returns_data" time="1.424" /><testcase classname="tests.test_multitenancy.TestDataIsolationByEmpresa" name="test_ordenes_compra_empresa_3_returns_data" time="1.841" /><testcase classname="tests.test_multitenancy.TestDataIsolationByEmpresa" name="test_ordenes_compra_empresa_1_returns_empty" time="0.446" /><testcase classname="tests.test_multitenancy.TestDataIsolationByEmpresa" name="test_facturas_proveedor_empresa_3" time="1.971" /><testcase classname="tests.test_multitenancy.TestDataIsolationByEmpresa" name="test_gastos_empresa_3" time="1.015" /><testcase classname="tests.test_multitenancy.TestDataIsolationByEmpresa" name="test_pagos_empresa_3" time="4.592" /><testcase classname="tests.test_multitenancy.TestDataIsolationByEmpresa" name="test_letras_empresa_3" time="1.028" /><testcase classname="tests.test_multitenancy.TestDataIsolationByEmpresa" name="test_ventas_pos_empresa_3" time="0.872" /><testcase classname="tests.test_multitenancy.TestDashboardKPIs" name="test_dashboard_kpis_empresa_3" time="2.517" /><testcase classname="tests.test_multitenancy.TestDashboardKPIs" name="test_dashboard_kpis_without_empresa_id_fails" time="0.032" /><testcase classname="tests.test_multitenancy.TestXEmpresaIdHeader" name="test_categorias_with_header" time="0.446" /><testcase classname="tests.test_multitenancy.TestXEmpresaIdHeader" name="test_query_param_takes_priority_over_header" time="0.447" /><testcase classname="tests.test_multitenancy.TestCreateWithEmpresaId" name="test_create_orden_compra_with_empresa_id" time="1.059"><skipped type="pytest.skip" message="No proveedores available for testing">/app/backend/tests/test_multitenancy.py:210: No proveedores available for testing</skipped></testcase></testsuite></testsuites>