<?xml version="1.0" encoding="utf-8"?><testsuites name="pytest tests"><testsuite name="pytest" errors="0" failures="1" skipped="0" tests="12" time="22.334" timestamp="2026-02-10T19:53:39.746172+00:00" hostname="agent-env-72f186a2-28c2-4377-9119-b3cbaa9083b0"><testcase classname="backend.tests.test_cuentas_contables.TestCuentasContablesCRUD" name="test_list_cuentas_contables" time="7.896" /><testcase classname="backend.tests.test_cuentas_contables.TestCuentasContablesCRUD" name="test_create_cuenta_contable" time="0.926" /><testcase classname="backend.tests.test_cuentas_contables.TestCuentasContablesCRUD" name="test_update_cuenta_contable" time="1.086" /><testcase classname="backend.tests.test_cuentas_contables.TestCuentasContablesCRUD" name="test_delete_cuenta_contable" time="0.956" /><testcase classname="backend.tests.test_cuentas_contables.TestCuentasContablesCRUD" name="test_duplicate_codigo_fails" time="0.312"><failure message="assert 520 == 200&#10; +  where 520 = &lt;Response [520]&gt;.status_code">backend/tests/test_cuentas_contables.py:91: in test_duplicate_codigo_fails
    assert resp1.status_code == 200
E   assert 520 == 200
E    +  where 520 = &lt;Response [520]&gt;.status_code</failure></testcase><testcase classname="backend.tests.test_cuentas_contables.TestConfigContable" name="test_get_config_contable" time="0.451" /><testcase classname="backend.tests.test_cuentas_contables.TestConfigContable" name="test_update_config_contable" time="1.071" /><testcase classname="backend.tests.test_cuentas_contables.TestCategoriaCuentaGasto" name="test_update_categoria_with_cuenta_gasto_id" time="2.775" /><testcase classname="backend.tests.test_cuentas_contables.TestCategoriaCuentaGasto" name="test_create_categoria_with_cuenta_gasto_id" time="1.488" /><testcase classname="backend.tests.test_cuentas_contables.TestExportCompraAPP" name="test_export_has_15_columns" time="2.877" /><testcase classname="backend.tests.test_cuentas_contables.TestExportCompraAPP" name="test_export_account_columns_populated" time="2.094" /><testcase classname="backend.tests.test_cuentas_contables.TestExistingCuentas" name="test_existing_cuentas_ids" time="0.314" /></testsuite></testsuites>