<?xml version="1.0" encoding="utf-8"?><testsuites name="pytest tests"><testsuite name="pytest" errors="0" failures="2" skipped="0" tests="30" time="47.263" timestamp="2026-02-09T22:36:28.495137+00:00" hostname="agent-env-bd2c3a90-d999-4d1a-a41e-58ced1ce126d"><testcase classname="tests.test_exhaustive_full_flow.TestModule01Dashboard" name="test_dashboard_kpis_returns_zeros" time="2.536"><failure message="AssertionError: Expected 0 CxP, got 3540.0&#10;assert 3540.0 == 0.0">tests/test_exhaustive_full_flow.py:49: in test_dashboard_kpis_returns_zeros
    assert data["total_cxp"] == 0.0, f"Expected 0 CxP, got {data['total_cxp']}"
E   AssertionError: Expected 0 CxP, got 3540.0
E   assert 3540.0 == 0.0</failure></testcase><testcase classname="tests.test_exhaustive_full_flow.TestModule02Empleados" name="test_get_empleados" time="0.584" /><testcase classname="tests.test_exhaustive_full_flow.TestModule02Empleados" name="test_update_empleado_detalle_with_centro_costo_linea_negocio" time="2.070" /><testcase classname="tests.test_exhaustive_full_flow.TestModule03Proveedores" name="test_create_proveedor" time="0.615" /><testcase classname="tests.test_exhaustive_full_flow.TestModule03Proveedores" name="test_get_proveedores" time="0.586" /><testcase classname="tests.test_exhaustive_full_flow.TestModule04Categorias" name="test_get_categorias" time="1.420" /><testcase classname="tests.test_exhaustive_full_flow.TestModule05CentrosCosto" name="test_update_centro_costo" time="1.030" /><testcase classname="tests.test_exhaustive_full_flow.TestModule06LineasNegocio" name="test_update_linea_negocio" time="1.026" /><testcase classname="tests.test_exhaustive_full_flow.TestModule07CuentasBancarias" name="test_get_cuentas_financieras" time="0.581" /><testcase classname="tests.test_exhaustive_full_flow.TestModule08OrdenesCompra" name="test_create_orden_compra" time="2.403" /><testcase classname="tests.test_exhaustive_full_flow.TestModule09FacturaProveedor" name="test_create_factura_proveedor" time="2.523" /><testcase classname="tests.test_exhaustive_full_flow.TestModule09FacturaProveedor" name="test_verify_cxp_created" time="0.623" /><testcase classname="tests.test_exhaustive_full_flow.TestModule10Gastos" name="test_create_gasto_with_payment" time="2.123" /><testcase classname="tests.test_exhaustive_full_flow.TestModule10Gastos" name="test_verify_account_balance_decreased" time="0.443" /><testcase classname="tests.test_exhaustive_full_flow.TestModule11PagarFacturas" name="test_pagar_factura" time="5.162" /><testcase classname="tests.test_exhaustive_full_flow.TestModule11PagarFacturas" name="test_verify_cxp_paid" time="0.465" /><testcase classname="tests.test_exhaustive_full_flow.TestModule12Letras" name="test_create_factura_for_letras" time="1.418" /><testcase classname="tests.test_exhaustive_full_flow.TestModule12Letras" name="test_generar_letras" time="2.651" /><testcase classname="tests.test_exhaustive_full_flow.TestModule12Letras" name="test_get_letras" time="0.581" /><testcase classname="tests.test_exhaustive_full_flow.TestModule13Adelantos" name="test_create_adelanto_with_payment" time="2.383" /><testcase classname="tests.test_exhaustive_full_flow.TestModule14Planilla" name="test_create_planilla" time="1.077" /><testcase classname="tests.test_exhaustive_full_flow.TestModule14Planilla" name="test_pagar_planilla" time="2.380"><failure message="AssertionError: assert 'borrador' == 'pagada'&#10;  &#10;  - pagada&#10;  + borrador">tests/test_exhaustive_full_flow.py:613: in test_pagar_planilla
    assert data["estado"] == "pagada"
E   AssertionError: assert 'borrador' == 'pagada'
E     
E     - pagada
E     + borrador</failure></testcase><testcase classname="tests.test_exhaustive_full_flow.TestModule15BalanceGeneral" name="test_balance_general" time="1.148" /><testcase classname="tests.test_exhaustive_full_flow.TestModule16EstadoResultados" name="test_estado_resultados" time="0.865" /><testcase classname="tests.test_exhaustive_full_flow.TestModule17FlujoCaja" name="test_flujo_caja" time="0.581" /><testcase classname="tests.test_exhaustive_full_flow.TestModule18ReportePagos" name="test_pagos_with_filters" time="1.143" /><testcase classname="tests.test_exhaustive_full_flow.TestModule18ReportePagos" name="test_pagos_without_filters" time="3.067" /><testcase classname="tests.test_exhaustive_full_flow.TestModule19RecalcularSaldo" name="test_recalcular_saldos" time="2.978" /><testcase classname="tests.test_exhaustive_full_flow.TestModule20Correlativos" name="test_correlativo_oc_sequential" time="1.276" /><testcase classname="tests.test_exhaustive_full_flow.TestDashboardFinal" name="test_dashboard_final_state" time="1.427" /></testsuite></testsuites>