<?xml version="1.0" encoding="utf-8"?><testsuites name="pytest tests"><testsuite name="pytest" errors="0" failures="0" skipped="0" tests="4" time="12.591" timestamp="2026-02-09T18:33:19.120293+00:00" hostname="agent-env-f6a8361e-1c3b-4e8b-85b4-96c9267d6ba3"><testcase classname="backend.tests.test_hierarchy.TestCategoryHierarchy" name="test_categorias_returns_nombre_completo" time="0.466" /><testcase classname="backend.tests.test_hierarchy.TestCategoryHierarchy" name="test_nombre_completo_shows_hierarchy" time="0.446" /><testcase classname="backend.tests.test_hierarchy.TestCategoryHierarchy" name="test_gasto_with_subcategory_returns_padre_nombre" time="6.244" /><testcase classname="backend.tests.test_hierarchy.TestCategoryHierarchy" name="test_factura_lines_with_subcategory" time="5.391" /></testsuite></testsuites>