<?xml version="1.0" encoding="utf-8"?><testsuites name="pytest tests"><testsuite name="pytest" errors="0" failures="0" skipped="0" tests="30" time="54.113" timestamp="2026-02-09T22:38:57.888077+00:00" hostname="agent-env-bd2c3a90-d999-4d1a-a41e-58ced1ce126d"><testcase classname="tests.test_exhaustive_full_flow.TestModule01Dashboard" name="test_dashboard_kpis_returns_zeros" time="2.552" /><testcase classname="tests.test_exhaustive_full_flow.TestModule02Empleados" name="test_get_empleados" time="0.592" /><testcase classname="tests.test_exhaustive_full_flow.TestModule02Empleados" name="test_update_empleado_detalle_with_centro_costo_linea_negocio" time="2.204" /><testcase classname="tests.test_exhaustive_full_flow.TestModule03Proveedores" name="test_create_proveedor" time="0.737" /><testcase classname="tests.test_exhaustive_full_flow.TestModule03Proveedores" name="test_get_proveedores" time="0.630" /><testcase classname="tests.test_exhaustive_full_flow.TestModule04Categorias" name="test_get_categorias" time="1.483" /><testcase classname="tests.test_exhaustive_full_flow.TestModule05CentrosCosto" name="test_update_centro_costo" time="1.272" /><testcase classname="tests.test_exhaustive_full_flow.TestModule06LineasNegocio" name="test_update_linea_negocio" time="1.179" /><testcase classname="tests.test_exhaustive_full_flow.TestModule07CuentasBancarias" name="test_get_cuentas_financieras" time="0.604" /><testcase classname="tests.test_exhaustive_full_flow.TestModule08OrdenesCompra" name="test_create_orden_compra" time="2.961" /><testcase classname="tests.test_exhaustive_full_flow.TestModule09FacturaProveedor" name="test_create_factura_proveedor" time="2.527" /><testcase classname="tests.test_exhaustive_full_flow.TestModule09FacturaProveedor" name="test_verify_cxp_created" time="0.605" /><testcase classname="tests.test_exhaustive_full_flow.TestModule10Gastos" name="test_create_gasto_with_payment" time="3.401" /><testcase classname="tests.test_exhaustive_full_flow.TestModule10Gastos" name="test_verify_account_balance_decreased" time="0.449" /><testcase classname="tests.test_exhaustive_full_flow.TestModule11PagarFacturas" name="test_pagar_factura" time="5.228" /><testcase classname="tests.test_exhaustive_full_flow.TestModule11PagarFacturas" name="test_verify_cxp_paid" time="0.446" /><testcase classname="tests.test_exhaustive_full_flow.TestModule12Letras" name="test_create_factura_for_letras" time="1.422" /><testcase classname="tests.test_exhaustive_full_flow.TestModule12Letras" name="test_generar_letras" time="2.697" /><testcase classname="tests.test_exhaustive_full_flow.TestModule12Letras" name="test_get_letras" time="0.641" /><testcase classname="tests.test_exhaustive_full_flow.TestModule13Adelantos" name="test_create_adelanto_with_payment" time="2.544" /><testcase classname="tests.test_exhaustive_full_flow.TestModule14Planilla" name="test_create_planilla" time="1.301" /><testcase classname="tests.test_exhaustive_full_flow.TestModule14Planilla" name="test_pagar_planilla" time="3.762" /><testcase classname="tests.test_exhaustive_full_flow.TestModule15BalanceGeneral" name="test_balance_general" time="1.166" /><testcase classname="tests.test_exhaustive_full_flow.TestModule16EstadoResultados" name="test_estado_resultados" time="0.875" /><testcase classname="tests.test_exhaustive_full_flow.TestModule17FlujoCaja" name="test_flujo_caja" time="0.588" /><testcase classname="tests.test_exhaustive_full_flow.TestModule18ReportePagos" name="test_pagos_with_filters" time="1.693" /><testcase classname="tests.test_exhaustive_full_flow.TestModule18ReportePagos" name="test_pagos_without_filters" time="3.899" /><testcase classname="tests.test_exhaustive_full_flow.TestModule19RecalcularSaldo" name="test_recalcular_saldos" time="2.752" /><testcase classname="tests.test_exhaustive_full_flow.TestModule20Correlativos" name="test_correlativo_oc_sequential" time="1.282" /><testcase classname="tests.test_exhaustive_full_flow.TestDashboardFinal" name="test_dashboard_final_state" time="2.523" /></testsuite></testsuites>