<?xml version="1.0" encoding="utf-8"?><testsuites name="pytest tests"><testsuite name="pytest" errors="0" failures="0" skipped="0" tests="16" time="16.123" timestamp="2026-02-09T21:43:13.188217+00:00" hostname="agent-env-bd2c3a90-d999-4d1a-a41e-58ced1ce126d"><testcase classname="backend.tests.test_reportes_filtering.TestHealthCheck" name="test_health_check" time="7.129" /><testcase classname="backend.tests.test_reportes_filtering.TestBalanceGeneralFiltering" name="test_balance_general_requires_empresa_id" time="0.052" /><testcase classname="backend.tests.test_reportes_filtering.TestBalanceGeneralFiltering" name="test_balance_general_empresa_3" time="1.137" /><testcase classname="backend.tests.test_reportes_filtering.TestBalanceGeneralFiltering" name="test_balance_general_empresa_1" time="0.730" /><testcase classname="backend.tests.test_reportes_filtering.TestBalanceGeneralFiltering" name="test_balance_general_different_data_per_empresa" time="1.439" /><testcase classname="backend.tests.test_reportes_filtering.TestEstadoResultadosFiltering" name="test_estado_resultados_requires_empresa_id" time="0.034" /><testcase classname="backend.tests.test_reportes_filtering.TestEstadoResultadosFiltering" name="test_estado_resultados_requires_dates" time="0.033" /><testcase classname="backend.tests.test_reportes_filtering.TestEstadoResultadosFiltering" name="test_estado_resultados_empresa_3" time="0.862" /><testcase classname="backend.tests.test_reportes_filtering.TestEstadoResultadosFiltering" name="test_estado_resultados_empresa_1" time="0.583" /><testcase classname="backend.tests.test_reportes_filtering.TestEstadoResultadosFiltering" name="test_estado_resultados_different_data_per_empresa" time="1.184" /><testcase classname="backend.tests.test_reportes_filtering.TestFlujoCajaFiltering" name="test_flujo_caja_requires_empresa_id" time="0.030" /><testcase classname="backend.tests.test_reportes_filtering.TestFlujoCajaFiltering" name="test_flujo_caja_requires_dates" time="0.031" /><testcase classname="backend.tests.test_reportes_filtering.TestFlujoCajaFiltering" name="test_flujo_caja_empresa_3" time="1.419" /><testcase classname="backend.tests.test_reportes_filtering.TestFlujoCajaFiltering" name="test_flujo_caja_empresa_1" time="0.453" /><testcase classname="backend.tests.test_reportes_filtering.TestFlujoCajaFiltering" name="test_flujo_caja_different_data_per_empresa" time="0.891" /><testcase classname="backend.tests.test_reportes_filtering.TestCorrelativosEndpoint" name="test_check_existing_correlativos" time="0.000" /></testsuite></testsuites>